<?xml version="1.0" encoding="UTF-8"?>
<!-- Generated by org.testng.reporters.JUnitReportReporter -->
<testsuite hostname="ASCINLAP60844" failures="0" tests="1" name="tests.LoginTest" time="38.147" errors="0" timestamp="2025-05-26T16:31:30 IST" skipped="0">
  <testcase classname="tests.LoginTest" name="VerifyAdminMenu" time="38.147"/>
  <system-out/>
</testsuite> <!-- tests.LoginTest -->
